<?xml version="1.0" encoding="UTF-8"?>
<!-- Generated by org.testng.reporters.JUnitReportReporter -->
<testsuite hostname="DESKTOP-QLSUIR3" name="hybrid.TC_01" tests="1" failures="0" timestamp="22 Dec 2020 06:26:42 GMT" time="83.918" errors="0">
  <testcase name="testcase4" time="83.918" classname="hybrid.TC_01"/>
</testsuite> <!-- hybrid.TC_01 -->
